\BOOKMARK [0][-]{chapter.1}{\376\377\000G\000e\000n\000e\000r\000a\000l\000\040\000I\000n\000f\000o\000r\000t\000m\000a\000t\000i\000o\000n}{}% 1
\BOOKMARK [1][-]{section.1.1}{\376\377\000G\000e\000t\000\040\000i\000n\000\040\000t\000o\000u\000c\000h\000\040\000w\000i\000t\000h\000\040\000t\000h\000e\000\040\000t\000e\000a\000m}{chapter.1}% 2
\BOOKMARK [1][-]{section.1.2}{\376\377\000A\000u\000t\000h\000o\000r\000s}{chapter.1}% 3
\BOOKMARK [1][-]{section.1.3}{\376\377\000A\000k\000n\000o\000w\000l\000e\000d\000g\000e\000m\000e\000n\000t}{chapter.1}% 4
\BOOKMARK [1][-]{section.1.4}{\376\377\000L\000i\000n\000c\000e\000s}{chapter.1}% 5
\BOOKMARK [0][-]{chapter.2}{\376\377\000D\000a\000t\000a\000\040\000s\000o\000u\000r\000c\000e\000s}{}% 6
\BOOKMARK [1][-]{section.2.1}{\376\377\000N\000D\000V\000I}{chapter.2}% 7
\BOOKMARK [1][-]{section.2.2}{\376\377\000S\000o\000i\000l\000\040\000m\000o\000i\000s\000t\000u\000r\000e}{chapter.2}% 8
\BOOKMARK [1][-]{section.2.3}{\376\377\000P\000r\000e\000c\000i\000p\000i\000t\000a\000t\000i\000o\000n}{chapter.2}% 9
\BOOKMARK [1][-]{section.2.4}{\376\377\000E\000v\000a\000p\000o\000t\000r\000a\000n\000s\000p\000i\000r\000a\000t\000i\000o\000n}{chapter.2}% 10
\BOOKMARK [1][-]{section.2.5}{\376\377\000L\000a\000n\000d\000\040\000c\000o\000v\000e\000r}{chapter.2}% 11
\BOOKMARK [1][-]{section.2.6}{\376\377\000S\000o\000i\000l\000\040\000c\000a\000r\000b\000o\000n}{chapter.2}% 12
\BOOKMARK [1][-]{section.2.7}{\376\377\000A\000g\000r\000o\000e\000c\000o\000l\000o\000g\000i\000c\000a\000l\000\040\000Z\000o\000n\000e\000s}{chapter.2}% 13
\BOOKMARK [1][-]{section.2.8}{\376\377\000S\000o\000i\000l\000\040\000Q\000u\000a\000l\000i\000t\000y}{chapter.2}% 14
\BOOKMARK [1][-]{section.2.9}{\376\377\000C\000l\000i\000m\000a\000t\000e}{chapter.2}% 15
\BOOKMARK [1][-]{section.2.10}{\376\377\000A\000d\000m\000i\000n\000i\000s\000t\000r\000a\000t\000i\000v\000e\000\040\000B\000o\000u\000n\000d\000a\000r\000i\000e\000s}{chapter.2}% 16
\BOOKMARK [0][-]{chapter.3}{\376\377\000D\000a\000t\000a\000s\000e\000t\000\040\000c\000o\000d\000i\000n\000g}{}% 17
\BOOKMARK [1][-]{section.3.1}{\376\377\000S\000D\000G\000\040\0001\0005\000.\0003\000.\0001\000\040\000I\000n\000d\000i\000c\000a\000t\000o\000r}{chapter.3}% 18
\BOOKMARK [1][-]{section.3.2}{\376\377\000P\000r\000o\000d\000u\000c\000t\000i\000v\000i\000t\000y}{chapter.3}% 19
\BOOKMARK [2][-]{subsection.3.2.1}{\376\377\000P\000r\000o\000d\000u\000c\000t\000i\000v\000i\000t\000y\000\040\000t\000r\000a\000j\000e\000c\000t\000o\000r\000y\000\040\000\050\000t\000r\000e\000n\000d\000\051}{section.3.2}% 20
\BOOKMARK [2][-]{subsection.3.2.2}{\376\377\000P\000r\000o\000d\000u\000c\000t\000i\000v\000i\000t\000y\000\040\000t\000r\000a\000j\000e\000c\000t\000o\000r\000y\000\040\000\050\000s\000i\000g\000n\000i\000f\000i\000c\000a\000n\000c\000e\000\051}{section.3.2}% 21
\BOOKMARK [2][-]{subsection.3.2.3}{\376\377\000P\000r\000o\000d\000u\000c\000t\000i\000v\000i\000t\000y\000\040\000p\000e\000r\000f\000o\000r\000m\000a\000n\000c\000e\000\040\000\050\000d\000e\000g\000r\000a\000d\000a\000t\000i\000o\000n\000\051}{section.3.2}% 22
\BOOKMARK [2][-]{subsection.3.2.4}{\376\377\000P\000r\000o\000d\000u\000c\000t\000i\000v\000i\000t\000y\000\040\000p\000e\000r\000f\000o\000r\000m\000a\000n\000c\000e\000\040\000\050\000r\000a\000t\000i\000o\000\051}{section.3.2}% 23
\BOOKMARK [2][-]{subsection.3.2.5}{\376\377\000P\000r\000o\000d\000u\000c\000t\000i\000v\000i\000t\000y\000\040\000p\000e\000r\000f\000o\000r\000m\000a\000n\000c\000e\000\040\000\050\000u\000n\000i\000t\000s\000\051}{section.3.2}% 24
\BOOKMARK [2][-]{subsection.3.2.6}{\376\377\000P\000r\000o\000d\000u\000c\000t\000i\000v\000i\000t\000y\000\040\000s\000t\000a\000t\000e\000\040\000\050\000d\000e\000g\000r\000a\000d\000a\000t\000i\000o\000n\000\051}{section.3.2}% 25
\BOOKMARK [2][-]{subsection.3.2.7}{\376\377\000P\000r\000o\000d\000u\000c\000t\000i\000v\000i\000t\000y\000\040\000s\000t\000a\000t\000e\000\040\000c\000l\000a\000s\000s\000e\000s}{section.3.2}% 26
\BOOKMARK [2][-]{subsection.3.2.8}{\376\377\000P\000r\000o\000d\000u\000c\000t\000i\000v\000i\000t\000y\000\040\000s\000t\000a\000t\000e\000\040\000N\000D\000V\000I\000\040\000m\000e\000a\000n}{section.3.2}% 27
\BOOKMARK [2][-]{subsection.3.2.9}{\376\377\000S\000D\000G\000\040\0001\0005\000.\0003\000.\0001\000\040\000p\000r\000o\000d\000u\000c\000t\000i\000v\000i\000t\000y\000\040\000i\000n\000d\000i\000c\000a\000t\000o\000r}{section.3.2}% 28
\BOOKMARK [2][-]{subsection.3.2.10}{\376\377\000L\000a\000n\000d\000\040\000p\000r\000o\000d\000u\000c\000t\000i\000v\000i\000t\000y\000\040\000d\000y\000n\000a\000m\000i\000c\000s}{section.3.2}% 29
\BOOKMARK [1][-]{section.3.3}{\376\377\000L\000a\000n\000d\000\040\000c\000o\000v\000e\000r}{chapter.3}% 30
\BOOKMARK [2][-]{subsection.3.3.1}{\376\377\000L\000a\000n\000d\000\040\000c\000o\000v\000e\000r\000\040\000\050\000d\000e\000g\000r\000a\000d\000a\000t\000i\000o\000n\000\051}{section.3.3}% 31
\BOOKMARK [2][-]{subsection.3.3.2}{\376\377\000L\000a\000n\000d\000\040\000c\000o\000v\000e\000r\000\040\000\050\0007\000\040\000c\000l\000a\000s\000s\000\051}{section.3.3}% 32
\BOOKMARK [2][-]{subsection.3.3.3}{\376\377\000L\000a\000n\000d\000\040\000c\000o\000v\000e\000r\000\040\000\050\000E\000S\000A\000\040\000c\000l\000a\000s\000s\000e\000s\000\051}{section.3.3}% 33
\BOOKMARK [2][-]{subsection.3.3.4}{\376\377\000L\000a\000n\000d\000\040\000c\000o\000v\000e\000r\000\040\000\050\000t\000r\000a\000n\000s\000i\000t\000i\000o\000n\000s\000\051}{section.3.3}% 34
\BOOKMARK [1][-]{section.3.4}{\376\377\000S\000o\000i\000l\000\040\000o\000r\000g\000a\000n\000i\000c\000\040\000c\000a\000r\000b\000o\000n}{chapter.3}% 35
\BOOKMARK [2][-]{subsection.3.4.1}{\376\377\000S\000o\000i\000l\000\040\000o\000r\000g\000a\000n\000i\000c\000\040\000c\000a\000r\000b\000o\000n\000\040\000\050\000d\000e\000g\000r\000a\000d\000a\000t\000i\000o\000n\000\051}{section.3.4}% 36
\BOOKMARK [2][-]{subsection.3.4.2}{\376\377\000S\000o\000i\000l\000\040\000o\000r\000g\000a\000n\000i\000c\000\040\000c\000a\000r\000b\000o\000n}{section.3.4}% 37
\BOOKMARK [2][-]{subsection.3.4.3}{\376\377\000P\000o\000p\000u\000l\000a\000t\000i\000o\000n}{section.3.4}% 38
\BOOKMARK [2][-]{subsection.3.4.4}{\376\377\000D\000e\000l\000t\000a\000\040\000N\000o\000r\000m\000a\000l\000i\000z\000e\000d\000\040\000B\000u\000r\000n\000t\000\040\000R\000a\000t\000i\000o}{section.3.4}% 39
\BOOKMARK [0][-]{chapter.4}{\376\377\000F\000r\000e\000q\000u\000e\000n\000t\000l\000y\000\040\000a\000s\000k\000e\000d\000\040\000q\000u\000e\000s\000t\000i\000o\000n\000s}{}% 40
\BOOKMARK [1][-]{section.4.1}{\376\377\000I\000n\000s\000t\000a\000l\000l\000a\000t\000i\000o\000n\000\040\000o\000f\000\040\000M\000I\000S\000L\000A\000N\000D\000-\000N\000o\000r\000t\000h\000\040\000A\000f\000r\000i\000c\000a}{chapter.4}% 41
\BOOKMARK [2][-]{subsection.4.1.1}{\376\377\000W\000h\000a\000t\000\040\000v\000e\000r\000s\000i\000o\000n\000\040\000o\000f\000\040\000Q\000u\000a\000n\000t\000u\000m\000\040\000G\000I\000S\000\040\000\050\000Q\000G\000I\000S\000\051\000\040\000d\000o\000\040\000I\000\040\000n\000e\000e\000d\000\040\000f\000o\000r\000\040\000t\000h\000e\000\040\000t\000o\000o\000l\000b\000o\000x\000?}{section.4.1}% 42
\BOOKMARK [2][-]{subsection.4.1.2}{\376\377\000D\000o\000\040\000I\000\040\000n\000e\000e\000d\000\040\000t\000o\000\040\000d\000o\000w\000n\000l\000o\000a\000d\000\040\000a\000\040\0003\0002\000-\000b\000i\000t\000\040\000o\000r\000\040\0006\0004\000\040\000b\000i\000t\000\040\000v\000e\000r\000s\000i\000o\000n\000\040\000o\000f\000\040\000Q\000G\000I\000S\000?}{section.4.1}% 43
\BOOKMARK [2][-]{subsection.4.1.3}{\376\377\000H\000o\000w\000\040\000d\000o\000\040\000I\000\040\000i\000n\000s\000t\000a\000l\000l\000\040\000t\000h\000e\000\040\000p\000l\000u\000g\000i\000n\000?}{section.4.1}% 44
\BOOKMARK [2][-]{subsection.4.1.4}{\376\377\000H\000o\000w\000\040\000d\000o\000\040\000I\000\040\000u\000p\000g\000r\000a\000d\000e\000\040\000t\000h\000e\000\040\000p\000l\000u\000g\000i\000n\000?}{section.4.1}% 45
\BOOKMARK [2][-]{subsection.4.1.5}{\376\377\000H\000o\000w\000\040\000d\000o\000\040\000I\000\040\000u\000n\000i\000n\000s\000t\000a\000l\000l\000\040\000t\000h\000e\000\040\000p\000l\000u\000g\000i\000n\000?}{section.4.1}% 46
\BOOKMARK [1][-]{section.4.2}{\376\377\000D\000a\000t\000a\000s\000e\000t\000s}{chapter.4}% 47
\BOOKMARK [2][-]{subsection.4.2.1}{\376\377\000W\000h\000e\000n\000\040\000w\000i\000l\000l\000\040\000y\000o\000u\000\040\000u\000p\000d\000a\000t\000e\000\040\000d\000a\000t\000a\000s\000e\000t\000s\000\040\000f\000o\000r\000\040\000t\000h\000e\000\040\000c\000u\000r\000r\000e\000n\000t\000\040\000y\000e\000a\000r\000?}{section.4.2}% 48
\BOOKMARK [2][-]{subsection.4.2.2}{\376\377\000I\000s\000\040\000t\000h\000e\000r\000e\000\040\000a\000n\000\040\000o\000p\000t\000i\000o\000n\000\040\000t\000o\000\040\000d\000o\000w\000n\000l\000o\000a\000d\000\040\000t\000h\000e\000\040\000o\000r\000i\000g\000i\000n\000a\000l\000\040\000d\000a\000t\000a\000?}{section.4.2}% 49
\BOOKMARK [2][-]{subsection.4.2.3}{\376\377\000W\000i\000l\000l\000\040\000t\000h\000e\000\040\000t\000o\000o\000l\000b\000o\000x\000\040\000s\000u\000p\000p\000o\000r\000t\000\040\000h\000i\000g\000h\000e\000r\000\040\000r\000e\000s\000o\000l\000u\000t\000i\000o\000n\000\040\000d\000a\000t\000a\000s\000e\000t\000s\000?}{section.4.2}% 50
\BOOKMARK [1][-]{section.4.3}{\376\377\000M\000e\000t\000h\000o\000d\000s}{chapter.4}% 51
\BOOKMARK [2][-]{subsection.4.3.1}{\376\377\000W\000h\000o\000\040\000w\000a\000s\000\040\000t\000h\000e\000\040\000d\000e\000f\000a\000u\000l\000t\000\040\000t\000i\000m\000e\000\040\000p\000e\000r\000i\000o\000d\000\040\000f\000o\000r\000\040\000t\000h\000e\000\040\000a\000n\000a\000l\000y\000s\000i\000s\000\040\000d\000e\000t\000e\000r\000m\000i\000n\000e\000d\000?}{section.4.3}% 52
\BOOKMARK [2][-]{subsection.4.3.2}{\376\377\000P\000r\000o\000d\000u\000c\000t\000i\000v\000i\000t\000y}{section.4.3}% 53
\BOOKMARK [3][-]{subsubsection*.3}{\376\377\000H\000o\000w\000\040\000d\000o\000e\000s\000\040\000t\000h\000e\000\040\000r\000e\000s\000u\000l\000t\000\040\000p\000r\000o\000v\000i\000d\000e\000d\000\040\000b\000y\000\040\000s\000t\000a\000t\000e\000\040\000d\000i\000f\000f\000e\000r\000s\000\040\000f\000r\000o\000m\000\040\000t\000r\000a\000j\000e\000c\000t\000o\000r\000y\000?}{subsection.4.3.2}% 54
\BOOKMARK [2][-]{subsection.4.3.3}{\376\377\000L\000a\000n\000d\000\040\000c\000o\000v\000e\000r}{section.4.3}% 55
\BOOKMARK [3][-]{subsubsection*.4}{\376\377\000C\000u\000r\000r\000e\000n\000t\000l\000y\000,\000\040\000t\000h\000e\000\040\000l\000a\000n\000d\000\040\000c\000o\000v\000e\000r\000\040\000a\000g\000g\000r\000e\000g\000a\000t\000i\000o\000n\000\040\000i\000s\000\040\000d\000o\000n\000e\000\040\000f\000o\000l\000l\000o\000w\000i\000n\000g\000\040\000t\000h\000e\000\040\000U\000N\000C\000C\000D\000\040\000g\000u\000i\000d\000e\000l\000i\000n\000e\000s\000,\000\040\000b\000u\000t\000\040\000t\000h\000a\000t\000\040\000c\000l\000a\000s\000s\000i\000f\000i\000c\000a\000t\000i\000o\000n\000\040\000d\000o\000e\000s\000\040\000n\000o\000t\000\040\000t\000a\000k\000e\000\040\000i\000n\000t\000o\000\040\000a\000c\000c\000o\000u\000n\000t\000\040\000c\000o\000u\000n\000t\000r\000y\000\040\000l\000e\000v\000e\000l\000\040\000c\000h\000a\000r\000a\000c\000t\000e\000r\000i\000s\000t\000i\000c\000s\000.\000\040\000C\000o\000u\000l\000d\000\040\000i\000t\000\040\000b\000e\000\040\000p\000o\000s\000s\000i\000b\000l\000e\000\040\000t\000o\000\040\000a\000l\000l\000o\000w\000\040\000t\000h\000e\000\040\000u\000s\000e\000r\000\040\000t\000o\000\040\000d\000e\000f\000i\000n\000e\000\040\000t\000h\000e\000\040\000a\000g\000g\000r\000e\000g\000a\000t\000i\000o\000n\000\040\000c\000r\000i\000t\000e\000r\000i\000a\000?}{subsection.4.3.3}% 56
\BOOKMARK [3][-]{subsubsection*.5}{\376\377\000H\000o\000w\000\040\000c\000a\000n\000\040\000w\000e\000\040\000i\000s\000o\000l\000a\000t\000e\000\040\000w\000o\000o\000d\000y\000\040\000p\000l\000a\000n\000t\000\040\000e\000n\000c\000r\000o\000a\000c\000h\000m\000e\000n\000t\000\040\000w\000i\000t\000h\000i\000n\000\040\000t\000h\000e\000\040\000t\000o\000o\000l\000b\000o\000x\000?}{subsection.4.3.3}% 57
\BOOKMARK [2][-]{subsection.4.3.4}{\376\377\000C\000a\000r\000b\000o\000n\000\040\000s\000t\000o\000c\000k\000s}{section.4.3}% 58
\BOOKMARK [3][-]{subsubsection*.6}{\376\377\000W\000h\000y\000\040\000u\000s\000e\000\040\000s\000o\000i\000l\000\040\000o\000r\000g\000a\000n\000i\000c\000\040\000c\000a\000r\000b\000o\000n\000\040\000\050\000S\000O\000C\000\051\000\040\000i\000n\000s\000t\000e\000a\000d\000\040\000o\000f\000\040\000a\000b\000o\000v\000e\000\040\000a\000n\000d\000\040\000b\000e\000l\000o\000w\000-\000g\000r\000o\000u\000n\000d\000\040\000c\000a\000r\000b\000o\000n\000\040\000t\000o\000\040\000m\000e\000a\000s\000u\000r\000e\000\040\000c\000a\000r\000b\000o\000n\000\040\000s\000t\000o\000c\000k\000s\000?}{subsection.4.3.4}% 59
\BOOKMARK [3][-]{subsubsection*.7}{\376\377\000I\000s\000\040\000i\000t\000\040\000p\000o\000s\000s\000i\000b\000l\000e\000\040\000t\000o\000\040\000m\000e\000a\000s\000u\000r\000e\000\040\000i\000d\000e\000n\000t\000i\000f\000y\000\040\000p\000r\000o\000c\000e\000s\000s\000e\000s\000\040\000o\000f\000\040\000d\000e\000g\000r\000a\000d\000a\000t\000i\000o\000n\000\040\000l\000i\000n\000k\000e\000d\000\040\000t\000o\000\040\000s\000a\000l\000i\000n\000i\000z\000a\000t\000i\000o\000n\000\040\000u\000s\000i\000n\000g\000\040\000t\000h\000i\000s\000\040\000t\000o\000o\000l\000?}{subsection.4.3.4}% 60
\BOOKMARK [1][-]{section.4.4}{\376\377\000L\000a\000n\000d\000\040\000d\000e\000g\000r\000a\000d\000a\000t\000i\000o\000n\000\040\000o\000u\000t\000p\000u\000t\000s}{chapter.4}% 61
\BOOKMARK [2][-]{subsection.4.4.1}{\376\377\000H\000o\000w\000\040\000w\000e\000r\000e\000\040\000t\000h\000e\000\040\000l\000a\000y\000e\000r\000s\000\040\000c\000o\000m\000b\000i\000n\000e\000d\000\040\000t\000o\000\040\000d\000e\000f\000i\000n\000e\000\040\000t\000h\000e\000\040\000f\000i\000n\000a\000l\000\040\000l\000a\000n\000d\000\040\000d\000e\000g\000r\000a\000d\000a\000t\000i\000o\000n\000\040\000l\000a\000y\000e\000r\000?}{section.4.4}% 62
\BOOKMARK [2][-]{subsection.4.4.2}{\376\377\000W\000h\000y\000\040\000d\000o\000\040\000I\000\040\000s\000e\000e\000\040\000a\000r\000e\000a\000s\000\040\000t\000h\000e\000\040\000d\000a\000t\000a\000\040\000s\000a\000y\000s\000\040\000a\000r\000e\000\040\000i\000m\000p\000r\000o\000v\000i\000n\000g\000\040\000o\000r\000\040\000d\000e\000g\000r\000a\000d\000i\000n\000g\000\040\000w\000h\000e\000n\000\040\000I\000\040\000k\000n\000o\000w\000\040\000t\000h\000e\000y\000\040\000a\000r\000e\000\040\000n\000o\000t\000?}{section.4.4}% 63
\BOOKMARK [2][-]{subsection.4.4.3}{\376\377\000A\000l\000l\000\040\000o\000f\000\040\000t\000h\000e\000\040\000s\000u\000b\000-\000i\000n\000d\000i\000c\000a\000t\000o\000r\000s\000\040\000a\000r\000e\000\040\000m\000e\000a\000s\000u\000r\000i\000n\000g\000\040\000v\000e\000g\000e\000t\000a\000t\000i\000o\000n\000:\000\040\000h\000o\000w\000\040\000d\000o\000e\000s\000\040\000t\000h\000i\000s\000\040\000c\000o\000n\000t\000r\000i\000b\000u\000t\000e\000\040\000t\000o\000\040\000u\000n\000d\000e\000r\000s\000t\000a\000n\000d\000i\000n\000g\000\040\000a\000n\000d\000\040\000i\000d\000e\000n\000t\000i\000f\000y\000i\000n\000g\000\040\000l\000a\000n\000d\000\040\000d\000e\000g\000r\000a\000d\000a\000t\000i\000o\000n\000?}{section.4.4}% 64
\BOOKMARK [1][-]{section.4.5}{\376\377\000F\000u\000t\000u\000r\000e\000\040\000p\000l\000a\000n\000s}{chapter.4}% 65
\BOOKMARK [2][-]{subsection.4.5.1}{\376\377\000W\000h\000e\000n\000\040\000w\000i\000l\000l\000\040\000t\000h\000e\000r\000e\000\040\000b\000e\000\040\000a\000n\000\040\000o\000f\000f\000l\000i\000n\000e\000\040\000v\000e\000r\000s\000i\000o\000n\000\040\000o\000f\000\040\000t\000h\000e\000\040\000t\000o\000o\000l\000b\000o\000x\000?}{section.4.5}% 66
\BOOKMARK [0][-]{chapter.5}{\376\377\000L\000a\000n\000d\000\040\000D\000e\000g\000r\000a\000d\000a\000t\000i\000o\000n}{}% 67
\BOOKMARK [1][-]{section.5.1}{\376\377\000L\000a\000n\000d\000\040\000D\000e\000g\000r\000a\000d\000a\000t\000i\000o\000n\000\040\000I\000n\000d\000i\000c\000a\000t\000o\000r\000s}{chapter.5}% 68
\BOOKMARK [2][-]{subsection.5.1.1}{\376\377\000S\000D\000G\0001\0005\000.\0003\000.\0001\000\040\000I\000n\000d\000i\000c\000a\000t\000o\000r}{section.5.1}% 69
\BOOKMARK [3][-]{subsubsection*.23}{\376\377\000S\000D\000G\000\040\0001\0005\000.\0003\000.\0001\000\040\000S\000u\000b\000-\000i\000n\000d\000i\000c\000a\000t\000o\000r\000s}{subsection.5.1.1}% 70
\BOOKMARK [4][-]{paragraph*.24}{\376\377\000P\000r\000o\000d\000u\000c\000t\000i\000v\000i\000t\000y}{subsubsection*.23}% 71
\BOOKMARK [5][-]{subparagraph*.25}{\376\377\000T\000r\000a\000j\000e\000c\000t\000o\000r\000y}{paragraph*.24}% 72
\BOOKMARK [5][-]{subparagraph*.26}{\376\377\000S\000t\000a\000t\000e}{paragraph*.24}% 73
\BOOKMARK [5][-]{subparagraph*.27}{\376\377\000P\000e\000r\000f\000o\000m\000a\000n\000c\000e}{paragraph*.24}% 74
\BOOKMARK [4][-]{paragraph*.28}{\376\377\000L\000a\000n\000d\000c\000o\000v\000e\000r}{subsubsection*.23}% 75
\BOOKMARK [4][-]{paragraph*.29}{\376\377\000C\000a\000r\000b\000o\000n\000-\000s\000t\000o\000c\000k\000s}{subsubsection*.23}% 76
\BOOKMARK [3][-]{subsubsection*.30}{\376\377\000C\000o\000m\000b\000i\000n\000i\000n\000g\000\040\000P\000r\000o\000d\000u\000c\000t\000i\000v\000i\000t\000y\000\040\000I\000n\000d\000i\000c\000a\000t\000o\000r\000s}{subsection.5.1.1}% 77
\BOOKMARK [2][-]{subsection.5.1.2}{\376\377\000V\000e\000g\000e\000t\000a\000t\000i\000o\000n\000\040\000L\000o\000s\000s\000/\000G\000a\000i\000n\000\040\000h\000o\000t\000s\000p\000o\000t\000s}{section.5.1}% 78
\BOOKMARK [2][-]{subsection.5.1.3}{\376\377\000F\000o\000r\000e\000s\000t\000\040\000C\000h\000a\000n\000g\000e}{section.5.1}% 79
\BOOKMARK [3][-]{subsubsection*.31}{\376\377\000F\000o\000r\000e\000s\000t\000\040\000G\000a\000i\000n\000/\000L\000o\000s\000s}{subsection.5.1.3}% 80
\BOOKMARK [3][-]{subsubsection*.32}{\376\377\000F\000o\000r\000e\000s\000t\000\040\000F\000i\000r\000e\000s}{subsection.5.1.3}% 81
\BOOKMARK [0][-]{chapter.6}{\376\377\000S\000D\000G\0001\0005\000.\0003\000.\0001\000\040\000I\000n\000d\000i\000c\000a\000t\000o\000r}{}% 82
\BOOKMARK [1][-]{section.6.1}{\376\377\000S\000D\000G\000\040\0001\0005\000.\0003\000.\0001\000\040\000S\000u\000b\000-\000i\000n\000d\000i\000c\000a\000t\000o\000r\000s}{chapter.6}% 83
\BOOKMARK [2][-]{subsection.6.1.1}{\376\377\000P\000r\000o\000d\000u\000c\000t\000i\000v\000i\000t\000y}{section.6.1}% 84
\BOOKMARK [2][-]{subsection.6.1.2}{\376\377\000C\000o\000m\000b\000i\000n\000i\000n\000g\000\040\000P\000r\000o\000d\000u\000c\000t\000i\000v\000i\000t\000y\000\040\000I\000n\000d\000i\000c\000a\000t\000o\000r\000s}{section.6.1}% 85
\BOOKMARK [1][-]{section.6.2}{\376\377\000L\000a\000n\000d\000c\000o\000v\000e\000r}{chapter.6}% 86
\BOOKMARK [1][-]{section.6.3}{\376\377\000C\000a\000r\000b\000o\000n\000-\000s\000t\000o\000c\000k\000s}{chapter.6}% 87
\BOOKMARK [0][-]{chapter.7}{\376\377\000V\000e\000g\000e\000t\000a\000t\000i\000o\000n\000\040\000L\000o\000s\000s\000/\000G\000a\000i\000n\000\040\000h\000o\000t\000s\000p\000o\000t\000s}{}% 88
\BOOKMARK [0][-]{chapter.8}{\376\377\000F\000o\000r\000e\000s\000t\000\040\000C\000h\000a\000n\000g\000e}{}% 89
\BOOKMARK [1][-]{section.8.1}{\376\377\000F\000o\000r\000e\000s\000t\000\040\000G\000a\000i\000n\000/\000L\000o\000s\000s}{chapter.8}% 90
\BOOKMARK [1][-]{section.8.2}{\376\377\000F\000o\000r\000e\000s\000t\000\040\000C\000a\000r\000b\000o\000n\000\040\000E\000m\000i\000s\000s\000i\000o\000n}{chapter.8}% 91
\BOOKMARK [1][-]{section.8.3}{\376\377\000F\000o\000r\000e\000s\000t\000\040\000F\000i\000r\000e\000\040\000R\000i\000s\000k}{chapter.8}% 92
\BOOKMARK [1][-]{section.8.4}{\376\377\000F\000o\000r\000e\000s\000t\000\040\000F\000i\000r\000e\000s}{chapter.8}% 93
\BOOKMARK [0][-]{chapter.9}{\376\377\000S\000e\000r\000i\000v\000i\000c\000e\000\040\000G\000u\000i\000d\000e}{}% 94
\BOOKMARK [1][-]{section.9.1}{\376\377\000M\000I\000S\000L\000A\000N\000D\000\040\000S\000i\000t\000e\000\040\000T\000o\000u\000r}{chapter.9}% 95
\BOOKMARK [1][-]{section.9.2}{\376\377\000R\000e\000g\000i\000s\000t\000r\000a\000t\000i\000o\000n\000\040\000a\000n\000d\000\040\000L\000o\000g\000\040\000i\000n}{chapter.9}% 96
\BOOKMARK [1][-]{section.9.3}{\376\377\000U\000s\000e\000r\000\040\000p\000r\000o\000f\000i\000l\000e\000\040\000a\000n\000d\000\040\000c\000u\000s\000t\000o\000m\000\040\000u\000p\000l\000o\000a\000d\000s}{chapter.9}% 97
\BOOKMARK [0][-]{chapter.10}{\376\377\000S\000D\000G\000\040\0001\0005\000.\0003\000.\0001\000\040\000i\000n\000d\000i\000c\000a\000t\000o\000r}{}% 98
\BOOKMARK [1][-]{section.10.1}{\376\377\000C\000o\000m\000p\000u\000t\000e\000\040\000S\000D\000G\000\040\0001\0005\000.\0003\000.\0001\000\040\000S\000u\000b\000-\000i\000n\000d\000i\000c\000a\000t\000o\000r\000s}{chapter.10}% 99
\BOOKMARK [2][-]{subsection.10.1.1}{\376\377\000C\000o\000m\000p\000u\000t\000i\000n\000g\000\040\000L\000a\000n\000d\000\040\000P\000r\000o\000d\000u\000c\000t\000i\000v\000i\000t\000y}{section.10.1}% 100
\BOOKMARK [2][-]{subsection.10.1.2}{\376\377\000C\000o\000m\000p\000u\000t\000i\000n\000g\000\040\000L\000a\000n\000d\000c\000o\000v\000e\000r\000\040\000C\000h\000a\000n\000g\000e}{section.10.1}% 101
\BOOKMARK [2][-]{subsection.10.1.3}{\376\377\000C\000a\000r\000b\000o\000n\000\040\000S\000t\000o\000c\000k\000s}{section.10.1}% 102
\BOOKMARK [1][-]{section.10.2}{\376\377\000C\000o\000m\000p\000u\000t\000e\000\040\000S\000D\000G\000\040\0001\0005\000.\0003\000.\0001\000\040\000I\000n\000d\000i\000c\000a\000t\000o\000r}{chapter.10}% 103
\BOOKMARK [0][-]{chapter.11}{\376\377\000C\000a\000l\000c\000u\000l\000a\000t\000e\000\040\000V\000e\000g\000e\000t\000a\000t\000i\000o\000n\000\040\000L\000o\000s\000s\000/\000G\000a\000i\000n\000\040\000i\000n\000d\000i\000c\000a\000t\000o\000r\000s}{}% 104
\BOOKMARK [0][-]{chapter.12}{\376\377\000C\000a\000l\000c\000u\000l\000a\000t\000e\000\040\000F\000o\000r\000e\000s\000t\000\040\000C\000h\000a\000n\000g\000e}{}% 105
\BOOKMARK [1][-]{section.12.1}{\376\377\000C\000o\000m\000p\000u\000t\000i\000n\000g\000\040\000F\000o\000r\000e\000s\000t\000\040\000L\000o\000s\000s}{chapter.12}% 106
\BOOKMARK [1][-]{section.12.2}{\376\377\000F\000o\000r\000e\000s\000t\000\040\000F\000i\000r\000e\000s\000\040\000A\000s\000s\000e\000s\000m\000e\000n\000t}{chapter.12}% 107
\BOOKMARK [0][-]{chapter.13}{\376\377\000C\000a\000l\000c\000u\000l\000a\000t\000i\000n\000g\000\040\000S\000e\000n\000s\000i\000t\000i\000v\000i\000t\000y\000\040\000t\000o\000\040\000D\000e\000s\000e\000r\000t\000i\000f\000i\000c\000a\000t\000i\000o\000n\000\040\000\050\000M\000E\000D\000A\000L\000U\000S\000\051}{}% 108
\BOOKMARK [1][-]{section.13.1}{\376\377\000C\000a\000l\000c\000u\000l\000a\000t\000i\000n\000g\000\040\000I\000n\000d\000i\000v\000i\000d\000u\000a\000l\000\040\000Q\000u\000a\000l\000i\000t\000y\000\040\000I\000n\000d\000i\000c\000a\000t\000o\000r\000s}{chapter.13}% 109
\BOOKMARK [1][-]{section.13.2}{\376\377\000C\000a\000l\000c\000u\000l\000a\000t\000e\000\040\000t\000h\000e\000\040\000E\000n\000v\000i\000r\000o\000n\000m\000e\000n\000t\000a\000l\000\040\000S\000e\000n\000s\000i\000t\000i\000v\000i\000t\000y\000\040\000A\000r\000e\000a\000s\000\040\000I\000n\000d\000e\000x\000\050\000E\000S\000A\000I\000\051}{chapter.13}% 110
\BOOKMARK [0][-]{chapter.14}{\376\377\000E\000x\000p\000o\000r\000t\000i\000n\000g\000\040\000O\000u\000t\000p\000u\000t\000s}{}% 111
\BOOKMARK [1][-]{section.14.1}{\376\377\000E\000x\000p\000o\000r\000t\000\040\000M\000a\000p}{chapter.14}% 112
\BOOKMARK [1][-]{section.14.2}{\376\377\000E\000x\000p\000o\000r\000t\000\040\000C\000h\000a\000r\000t}{chapter.14}% 113
\BOOKMARK [0][-]{chapter.15}{\376\377\000D\000o\000w\000n\000l\000o\000a\000d\000\040\000d\000a\000t\000a}{}% 114
\BOOKMARK [1][-]{section.15.1}{\376\377\000D\000o\000w\000n\000l\000o\000a\000d\000i\000n\000g\000\040\000R\000a\000s\000t\000e\000r\000\040\000D\000a\000t\000a}{chapter.15}% 115
\BOOKMARK [0][-]{chapter.16}{\376\377\000P\000l\000u\000g\000i\000n\000\040\000D\000e\000v\000e\000l\000o\000p\000m\000e\000n\000t}{}% 116
\BOOKMARK [1][-]{section.16.1}{\376\377\000M\000o\000d\000i\000f\000y\000i\000n\000g\000\040\000t\000h\000e\000\040\000Q\000G\000I\000S\000\040\000P\000l\000u\000g\000i\000n\000\040\000c\000o\000d\000e}{chapter.16}% 117
\BOOKMARK [2][-]{subsection.16.1.1}{\376\377\000D\000o\000w\000n\000l\000o\000a\000d\000i\000n\000g\000\040\000t\000h\000e\000\040\000M\000I\000S\000L\000A\000N\000D\000\040\000c\000o\000d\000e}{section.16.1}% 118
\BOOKMARK [2][-]{subsection.16.1.2}{\376\377\000I\000n\000s\000t\000a\000l\000l\000i\000n\000g\000\040\000d\000e\000p\000e\000n\000d\000e\000n\000c\000i\000e\000s}{section.16.1}% 119
\BOOKMARK [3][-]{subsubsection*.52}{\376\377\000P\000y\000t\000h\000o\000n}{subsection.16.1.2}% 120
\BOOKMARK [3][-]{subsubsection*.53}{\376\377\000P\000y\000t\000h\000o\000n\000\040\000d\000e\000p\000e\000n\000d\000e\000n\000c\000i\000e\000s}{subsection.16.1.2}% 121
\BOOKMARK [3][-]{subsubsection*.54}{\376\377\000P\000y\000Q\000t}{subsection.16.1.2}% 122
\BOOKMARK [2][-]{subsection.16.1.3}{\376\377\000C\000h\000a\000n\000g\000i\000n\000g\000\040\000t\000h\000e\000\040\000v\000e\000r\000s\000i\000o\000n\000\040\000o\000f\000\040\000t\000h\000e\000\040\000p\000l\000u\000g\000i\000n}{section.16.1}% 123
\BOOKMARK [2][-]{subsection.16.1.4}{\376\377\000T\000e\000s\000t\000i\000n\000g\000\040\000c\000h\000a\000n\000g\000e\000s\000\040\000t\000o\000\040\000t\000h\000e\000\040\000p\000l\000u\000g\000i\000n}{section.16.1}% 124
\BOOKMARK [2][-]{subsection.16.1.5}{\376\377\000S\000y\000n\000c\000i\000n\000g\000\040\000a\000n\000d\000\040\000d\000e\000p\000l\000o\000y\000i\000n\000g\000\040\000c\000h\000a\000n\000g\000e\000s\000\040\000t\000o\000\040\000t\000h\000e\000\040\000b\000i\000n\000a\000r\000i\000e\000s}{section.16.1}% 125
\BOOKMARK [2][-]{subsection.16.1.6}{\376\377\000B\000u\000i\000l\000d\000i\000n\000g\000\040\000a\000\040\000p\000l\000u\000g\000i\000n\000\040\000Z\000I\000P\000\040\000f\000i\000l\000e}{section.16.1}% 126
\BOOKMARK [2][-]{subsection.16.1.7}{\376\377\000D\000e\000p\000l\000o\000y\000i\000n\000g\000\040\000t\000h\000e\000\040\000d\000e\000v\000e\000l\000o\000p\000m\000e\000n\000t\000\040\000v\000e\000r\000s\000i\000o\000n\000\040\000Z\000I\000P\000\040\000f\000i\000l\000e}{section.16.1}% 127
\BOOKMARK [1][-]{section.16.2}{\376\377\000M\000o\000d\000i\000f\000y\000i\000n\000g\000\040\000t\000h\000e\000\040\000E\000a\000r\000t\000h\000\040\000E\000n\000g\000i\000n\000e\000\040\000p\000r\000o\000c\000e\000s\000s\000i\000n\000g\000\040\000c\000o\000d\000e}{chapter.16}% 128
\BOOKMARK [2][-]{subsection.16.2.1}{\376\377\000S\000e\000t\000t\000i\000n\000g\000\040\000u\000p\000\040\000d\000e\000p\000e\000n\000d\000e\000n\000c\000i\000e\000s}{section.16.2}% 129
\BOOKMARK [3][-]{subsubsection*.55}{\376\377\000t\000r\000e\000n\000d\000s\000.\000e\000a\000r\000t\000h\000-\000C\000L\000I}{subsection.16.2.1}% 130
\BOOKMARK [3][-]{subsubsection*.56}{\376\377\000d\000o\000c\000k\000e\000r}{subsection.16.2.1}% 131
\BOOKMARK [2][-]{subsection.16.2.2}{\376\377\000T\000e\000s\000t\000i\000n\000g\000\040\000a\000n\000\040\000E\000a\000r\000t\000h\000\040\000E\000n\000g\000i\000n\000e\000\040\000s\000c\000r\000i\000p\000t\000\040\000l\000o\000c\000a\000l\000l\000y}{section.16.2}% 132
\BOOKMARK [2][-]{subsection.16.2.3}{\376\377\000D\000e\000p\000l\000o\000y\000i\000n\000g\000\040\000a\000\040\000G\000E\000E\000\040\000s\000c\000r\000i\000p\000t\000\040\000t\000o\000\040\000a\000p\000i\000.\000t\000r\000e\000n\000d\000s\000.\000e\000a\000r\000t\000h}{section.16.2}% 133
\BOOKMARK [0][-]{chapter.17}{\376\377\000B\000e\000f\000o\000r\000e\000\040\000i\000n\000s\000t\000a\000l\000l\000i\000n\000g\000\040\000t\000h\000e\000\040\000t\000o\000o\000l\000b\000o\000x}{}% 134
\BOOKMARK [1][-]{section.17.1}{\376\377\000D\000o\000w\000n\000l\000o\000a\000d\000\040\000Q\000G\000I\000S}{chapter.17}% 135
\BOOKMARK [1][-]{section.17.2}{\376\377\000I\000n\000s\000t\000a\000l\000l\000\040\000Q\000G\000I\000S}{chapter.17}% 136
\BOOKMARK [0][-]{chapter.18}{\376\377\000I\000n\000s\000t\000a\000l\000l\000i\000n\000g\000\040\000t\000h\000e\000\040\000t\000o\000o\000l\000b\000o\000x}{}% 137
\BOOKMARK [1][-]{section.18.1}{\376\377\000I\000n\000s\000t\000a\000l\000l\000i\000n\000g\000\040\000t\000h\000e\000\040\000d\000e\000v\000e\000l\000o\000p\000m\000e\000n\000t\000\040\000v\000e\000r\000s\000i\000o\000n}{chapter.18}% 138
\BOOKMARK [0][-]{chapter.19}{\376\377\000R\000e\000g\000i\000s\000t\000r\000a\000t\000i\000o\000n\000\040\000a\000n\000d\000\040\000s\000e\000t\000t\000i\000n\000g\000s}{}% 139
\BOOKMARK [1][-]{section.19.1}{\376\377\000R\000e\000g\000i\000s\000t\000r\000a\000t\000i\000o\000n}{chapter.19}% 140
\BOOKMARK [1][-]{section.19.2}{\376\377\000U\000p\000d\000a\000t\000i\000n\000g\000\040\000y\000o\000u\000r\000\040\000u\000s\000e\000r}{chapter.19}% 141
\BOOKMARK [1][-]{section.19.3}{\376\377\000F\000o\000r\000g\000o\000t\000\040\000p\000a\000s\000s\000w\000o\000r\000d}{chapter.19}% 142
\BOOKMARK [1][-]{section.19.4}{\376\377\000A\000d\000v\000a\000n\000c\000e\000d\000\040\000s\000e\000t\000t\000i\000n\000g\000s}{chapter.19}% 143
\BOOKMARK [0][-]{chapter.20}{\376\377\000C\000a\000l\000c\000u\000l\000a\000t\000e\000\040\000S\000D\000G\000\040\0001\0005\000.\0003\000.\0001}{}% 144
\BOOKMARK [1][-]{section.20.1}{\376\377\000C\000a\000l\000c\000u\000l\000a\000t\000e\000\040\000i\000n\000d\000i\000c\000a\000t\000o\000r\000s\000\040\000w\000i\000t\000h\000\040\000s\000i\000m\000p\000l\000i\000f\000i\000e\000d\000\040\000t\000o\000o\000l}{chapter.20}% 145
\BOOKMARK [1][-]{section.20.2}{\376\377\000C\000a\000l\000c\000u\000l\000a\000t\000e\000\040\000p\000r\000o\000d\000u\000c\000t\000i\000v\000i\000t\000y}{chapter.20}% 146
\BOOKMARK [2][-]{subsection.20.2.1}{\376\377\000P\000r\000o\000d\000u\000c\000t\000i\000v\000i\000t\000y\000\040\000T\000r\000a\000j\000e\000c\000t\000o\000r\000y}{section.20.2}% 147
\BOOKMARK [2][-]{subsection.20.2.2}{\376\377\000P\000r\000o\000d\000u\000c\000t\000i\000v\000i\000t\000y\000\040\000P\000e\000r\000f\000o\000r\000m\000a\000n\000c\000e}{section.20.2}% 148
\BOOKMARK [2][-]{subsection.20.2.3}{\376\377\000P\000r\000o\000d\000u\000c\000t\000i\000v\000i\000t\000y\000\040\000S\000t\000a\000t\000e}{section.20.2}% 149
\BOOKMARK [1][-]{section.20.3}{\376\377\000C\000a\000l\000c\000u\000l\000a\000t\000e\000\040\000l\000a\000n\000d\000\040\000c\000o\000v\000e\000r}{chapter.20}% 150
\BOOKMARK [1][-]{section.20.4}{\376\377\000C\000a\000l\000c\000u\000l\000a\000t\000e\000\040\000s\000o\000i\000l\000\040\000c\000a\000r\000b\000o\000n}{chapter.20}% 151
\BOOKMARK [1][-]{section.20.5}{\376\377\000C\000o\000m\000p\000u\000t\000e\000\040\000S\000D\000G\000\040\000I\000n\000d\000i\000c\000a\000t\000o\000r\000\040\0001\0005\000.\0003\000.\0001}{chapter.20}% 152
\BOOKMARK [0][-]{chapter.21}{\376\377\000C\000a\000l\000c\000u\000l\000a\000t\000e\000\040\000V\000e\000g\000e\000t\000a\000t\000i\000o\000n\000\040\000D\000e\000g\000r\000a\000d\000a\000t\000i\000o\000n}{}% 153
\BOOKMARK [1][-]{section.21.1}{\376\377\000C\000o\000m\000p\000u\000t\000e\000\040\000V\000e\000g\000a\000t\000a\000t\000i\000o\000n\000\040\000I\000n\000d\000i\000c\000e\000s}{chapter.21}% 154
\BOOKMARK [0][-]{chapter.22}{\376\377\000C\000a\000l\000c\000u\000l\000a\000t\000e\000\040\000F\000o\000r\000e\000s\000t\000\040\000D\000e\000g\000r\000a\000d\000a\000t\000i\000o\000n}{}% 155
\BOOKMARK [1][-]{section.22.1}{\376\377\000C\000o\000m\000p\000u\000t\000e\000\040\000F\000o\000r\000e\000s\000t\000\040\000F\000i\000r\000e\000s}{chapter.22}% 156
\BOOKMARK [1][-]{section.22.2}{\376\377\000C\000o\000m\000p\000u\000t\000e\000\040\000F\000o\000r\000e\000s\000t\000\040\000C\000h\000a\000n\000g\000e\000\040\000a\000n\000d\000\040\000T\000o\000t\000a\000l\000\040\000C\000a\000r\000b\000o\000n\000\040\000\046\000\040\000S\000u\000m\000m\000a\000r\000y}{chapter.22}% 157
\BOOKMARK [2][-]{subsection.22.2.1}{\376\377\000S\000t\000e\000p\000\040\0001\000:\000\040\000C\000o\000m\000p\000u\000t\000e\000\040\000F\000o\000r\000e\000s\000t\000\040\000C\000h\000a\000n\000g\000e\000\040\000a\000n\000d\000\040\000T\000o\000t\000a\000l\000\040\000C\000a\000r\000b\000o\000n}{section.22.2}% 158
\BOOKMARK [2][-]{subsection.22.2.2}{\376\377\000S\000t\000e\000p\000\040\0002\000:\000\040\000G\000e\000n\000e\000r\000a\000t\000e\000\040\000C\000a\000r\000b\000o\000n\000\040\000C\000h\000a\000n\000g\000e\000\040\000S\000u\000m\000m\000a\000r\000y}{section.22.2}% 159
\BOOKMARK [0][-]{chapter.23}{\376\377\000C\000a\000l\000c\000u\000l\000a\000t\000e\000\040\000D\000e\000s\000e\000r\000t\000i\000f\000i\000c\000a\000t\000i\000o\000n\000\040\000\050\000M\000E\000D\000A\000L\000U\000S\000\051}{}% 160
\BOOKMARK [1][-]{section.23.1}{\376\377\0001\000.\000\040\000S\000o\000i\000l\000\040\000Q\000u\000a\000l\000i\000t\000y\000\040\000I\000n\000d\000e\000x\000\040\000\050\000S\000Q\000I\000\051}{chapter.23}% 161
\BOOKMARK [2][-]{subsection.23.1.1}{\376\377\000a\000.\000\040\000U\000s\000i\000n\000g\000\040\000d\000e\000f\000a\000u\000l\000t\000\040\000d\000a\000t\000a\000\040\000\050\000C\000o\000m\000p\000u\000t\000e\000d\000\040\000o\000n\000\040\000G\000o\000o\000g\000l\000e\000\040\000E\000a\000r\000t\000h\000\040\000E\000n\000g\000i\000n\000e\000\051}{section.23.1}% 162
\BOOKMARK [2][-]{subsection.23.1.2}{\376\377\000b\000.\000\040\000U\000s\000i\000n\000g\000\040\000C\000u\000s\000t\000o\000m\000\040\000d\000a\000t\000a\000\040\000\050\000C\000o\000m\000p\000u\000t\000e\000d\000\040\000l\000o\000c\000a\000l\000l\000y\000\040\000o\000n\000\040\000d\000e\000v\000i\000c\000e\000\051}{section.23.1}% 163
\BOOKMARK [3][-]{subsubsection*.84}{\376\377\000R\000a\000w\000\040\000D\000a\000t\000a\000\040\000D\000o\000w\000n\000l\000o\000a\000d}{subsection.23.1.2}% 164
\BOOKMARK [3][-]{subsubsection*.85}{\376\377\000E\000x\000t\000r\000a\000c\000t\000i\000n\000g\000\040\000S\000o\000i\000l\000\040\000D\000r\000a\000i\000n\000a\000g\000e\000,\000\040\000S\000o\000i\000l\000\040\000T\000e\000x\000t\000u\000r\000e\000\040\000a\000n\000d\000\040\000R\000o\000c\000k\000\040\000F\000r\000a\000g\000m\000e\000n\000t\000\040\000L\000a\000y\000e\000r\000s\000\040\000f\000r\000o\000m\000\040\000H\000W\000S\000D\000\040\000D\000A\000T\000A}{subsection.23.1.2}% 165
\BOOKMARK [3][-]{subsubsection*.86}{\376\377\000C\000o\000m\000p\000u\000t\000e\000\040\000S\000o\000i\000l\000\040\000Q\000u\000a\000l\000i\000t\000y\000\040\000I\000n\000d\000e\000x}{subsection.23.1.2}% 166
\BOOKMARK [1][-]{section.23.2}{\376\377\0002\000.\000\040\000V\000e\000g\000e\000t\000a\000t\000i\000o\000n\000\040\000Q\000u\000a\000l\000i\000t\000y\000\040\000I\000n\000d\000e\000x\000\040\000\050\000V\000Q\000I\000\051}{chapter.23}% 167
\BOOKMARK [1][-]{section.23.3}{\376\377\0003\000.\000\040\000C\000l\000i\000m\000a\000t\000e\000\040\000Q\000u\000a\000l\000i\000t\000y\000\040\000I\000n\000d\000e\000x\000\040\000\050\000C\000Q\000I\000\051}{chapter.23}% 168
\BOOKMARK [2][-]{subsection.23.3.1}{\376\377\000a\000.\000\040\000U\000s\000i\000n\000g\000\040\000d\000e\000f\000a\000u\000l\000t\000\040\000d\000a\000t\000a\000\040\000\050\000C\000o\000m\000p\000u\000t\000e\000d\000\040\000o\000n\000\040\000G\000o\000o\000g\000l\000e\000\040\000E\000a\000r\000t\000h\000\040\000E\000n\000g\000i\000n\000e\000\051}{section.23.3}% 169
\BOOKMARK [2][-]{subsection.23.3.2}{\376\377\000b\000.\000\040\000U\000s\000i\000n\000g\000\040\000C\000u\000s\000t\000o\000m\000\040\000d\000a\000t\000a\000\040\000\050\000C\000o\000m\000p\000u\000t\000e\000d\000\040\000l\000o\000c\000a\000l\000l\000y\000\040\000o\000n\000\040\000d\000e\000v\000i\000c\000e\000\051}{section.23.3}% 170
\BOOKMARK [1][-]{section.23.4}{\376\377\0004\000.\000\040\000M\000a\000n\000a\000g\000e\000m\000e\000n\000t\000\040\000Q\000u\000a\000l\000i\000t\000y\000\040\000I\000n\000d\000e\000x\000\040\000\050\000M\000Q\000I\000\051}{chapter.23}% 171
\BOOKMARK [1][-]{section.23.5}{\376\377\000E\000n\000v\000i\000r\000o\000n\000m\000e\000n\000t\000a\000l\000l\000y\000\040\000s\000e\000n\000s\000i\000t\000i\000v\000e\000\040\000a\000r\000e\000a\000\040\000\050\000E\000S\000A\000\051\000\040\000I\000n\000d\000e\000x\000\040\000\050\000C\000o\000m\000b\000i\000n\000e\000d\000\040\000D\000e\000s\000e\000r\000t\000i\000f\000i\000c\000a\000t\000i\000o\000n\000\040\000L\000a\000y\000e\000r\000\051}{chapter.23}% 172
\BOOKMARK [0][-]{chapter.24}{\376\377\000V\000i\000e\000w\000\040\000a\000n\000d\000\040\000d\000o\000w\000n\000l\000o\000a\000d\000\040\000r\000e\000s\000u\000l\000t\000s}{}% 173
\BOOKMARK [0][-]{chapter.25}{\376\377\000L\000o\000a\000d\000\040\000C\000u\000s\000t\000o\000m\000\040\000D\000a\000t\000a}{}% 174
\BOOKMARK [1][-]{section.25.1}{\376\377\000L\000o\000a\000d\000\040\000a\000\040\000d\000a\000t\000a\000s\000e\000t\000\040\000p\000r\000o\000d\000u\000c\000e\000d\000\040\000b\000y\000\040\000M\000I\000S\000L\000A\000N\000D}{chapter.25}% 175
\BOOKMARK [2][-]{subsection.25.1.1}{\376\377\000P\000r\000o\000d\000u\000c\000t\000i\000v\000i\000t\000y}{section.25.1}% 176
\BOOKMARK [2][-]{subsection.25.1.2}{\376\377\000L\000a\000n\000d\000\040\000c\000o\000v\000e\000r}{section.25.1}% 177
\BOOKMARK [2][-]{subsection.25.1.3}{\376\377\000S\000o\000i\000l\000\040\000o\000r\000g\000a\000n\000i\000c\000\040\000c\000a\000r\000b\000o\000n}{section.25.1}% 178
\BOOKMARK [2][-]{subsection.25.1.4}{\376\377\000S\000D\000G\000\040\0001\0005\000.\0003\000.\0001\000\040\000i\000n\000d\000i\000c\000a\000t\000o\000r}{section.25.1}% 179
\BOOKMARK [1][-]{section.25.2}{\376\377\000L\000o\000a\000d\000\040\000a\000\040\000c\000u\000s\000t\000o\000m\000\040\000i\000n\000p\000u\000t\000\040\000d\000a\000t\000a\000s\000e\000t}{chapter.25}% 180
\BOOKMARK [2][-]{subsection.25.2.1}{\376\377\000P\000r\000o\000d\000u\000c\000t\000i\000v\000i\000t\000y}{section.25.2}% 181
\BOOKMARK [2][-]{subsection.25.2.2}{\376\377\000L\000a\000n\000d\000\040\000c\000o\000v\000e\000r}{section.25.2}% 182
\BOOKMARK [2][-]{subsection.25.2.3}{\376\377\000S\000o\000i\000l\000\040\000o\000r\000g\000a\000n\000i\000c\000\040\000c\000a\000r\000b\000o\000n}{section.25.2}% 183
\BOOKMARK [0][-]{chapter.26}{\376\377\000D\000o\000w\000n\000l\000o\000a\000d\000\040\000r\000a\000w\000\040\000d\000a\000t\000a}{}% 184
\BOOKMARK [0][-]{chapter.27}{\376\377\000V\000i\000s\000u\000a\000l\000i\000z\000a\000t\000i\000o\000n\000\040\000t\000o\000o\000l\000s}{}% 185
\BOOKMARK [0][-]{chapter.28}{\376\377\000C\000a\000l\000c\000u\000l\000a\000t\000e\000\040\000S\000D\000G\000\040\0001\0005\000.\0003\000.\0001}{}% 186
\BOOKMARK [0][-]{chapter.29}{\376\377\000C\000a\000l\000c\000u\000l\000a\000t\000e\000\040\000V\000e\000g\000e\000t\000a\000t\000i\000o\000n\000/\000F\000o\000r\000e\000s\000t\000\040\000D\000e\000g\000r\000a\000d\000a\000t\000i\000o\000n}{}% 187
\BOOKMARK [1][-]{section.29.1}{\376\377\000C\000o\000m\000p\000u\000t\000e\000\040\000V\000e\000g\000a\000t\000a\000t\000i\000o\000n\000\040\000I\000n\000d\000i\000c\000e\000s}{chapter.29}% 188
\BOOKMARK [1][-]{section.29.2}{\376\377\000C\000o\000m\000p\000u\000t\000e\000\040\000F\000o\000r\000e\000s\000t\000\040\000F\000i\000r\000e\000s}{chapter.29}% 189
\BOOKMARK [1][-]{section.29.3}{\376\377\000C\000o\000m\000p\000u\000t\000e\000\040\000F\000o\000r\000e\000s\000t\000\040\000C\000h\000a\000n\000g\000e\000\040\000a\000n\000d\000\040\000T\000o\000t\000a\000l\000\040\000C\000a\000r\000b\000o\000n\000\040\000\046\000\040\000S\000u\000m\000m\000a\000r\000y}{chapter.29}% 190
\BOOKMARK [0][-]{chapter.30}{\376\377\000I\000n\000d\000i\000c\000e\000s\000\040\000a\000n\000d\000\040\000t\000a\000b\000l\000e\000s}{}% 191
